Using pre-set license
Built from '2020.3/staging' branch; Version is '2020.3.26f1 (7298b473bc1a) revision 7510196'; Using compiler version '192528614'; Build Type 'Release'
OS: 'Windows 10  (10.0.19042) 64bit Core' Language: 'es' Physical Memory: 16310 MB
BatchMode: 1, IsHumanControllingUs: 0, StartBugReporterOnCrash: 0, Is64bit: 1, IsPro: 0

COMMAND LINE ARGUMENTS:
C:\Program Files\Unity\Hub\Editor\2020.3.26f1\Editor\Unity.exe
-adb2
-batchMode
-noUpm
-name
AssetImportWorker0
-projectPath
C:/Users/Usuario/Documents/GitHub/AA3---Manuel-Casado/SunnyLandProject
-logFile
Logs/AssetImportWorker0.log
-srvPort
60045
Successfully changed project path to: C:/Users/Usuario/Documents/GitHub/AA3---Manuel-Casado/SunnyLandProject
C:/Users/Usuario/Documents/GitHub/AA3---Manuel-Casado/SunnyLandProject
Using Asset Import Pipeline V2.
Refreshing native plugins compatible for Editor in 41.52 ms, found 2 plugins.
Preloading 0 native plugins for Editor in 0.00 ms.
Initialize engine version: 2020.3.26f1 (7298b473bc1a)
[Subsystems] Discovering subsystems at path C:/Program Files/Unity/Hub/Editor/2020.3.26f1/Editor/Data/Resources/UnitySubsystems
[Subsystems] Discovering subsystems at path C:/Users/Usuario/Documents/GitHub/AA3---Manuel-Casado/SunnyLandProject/Assets
GfxDevice: creating device client; threaded=0
Direct3D:
    Version:  Direct3D 11.0 [level 11.1]
    Renderer: NVIDIA GeForce GTX 1650 (ID=0x1f82)
    Vendor:   
    VRAM:     3962 MB
    Driver:   27.21.14.6647
Initialize mono
Mono path[0] = 'C:/Program Files/Unity/Hub/Editor/2020.3.26f1/Editor/Data/Managed'
Mono path[1] = 'C:/Program Files/Unity/Hub/Editor/2020.3.26f1/Editor/Data/MonoBleedingEdge/lib/mono/unityjit'
Mono config path = 'C:/Program Files/Unity/Hub/Editor/2020.3.26f1/Editor/Data/MonoBleedingEdge/etc'
Using monoOptions --debugger-agent=transport=dt_socket,embedding=1,server=y,suspend=n,address=127.0.0.1:56496
Begin MonoManager ReloadAssembly
Registering precompiled unity dll's ...
Register platform support module: C:/Program Files/Unity/Hub/Editor/2020.3.26f1/Editor/Data/PlaybackEngines/WindowsStandaloneSupport/UnityEditor.WindowsStandalone.Extensions.dll
Registered in 0.001075 seconds.
Native extension for WindowsStandalone target not found
Refreshing native plugins compatible for Editor in 37.04 ms, found 2 plugins.
Preloading 0 native plugins for Editor in 0.00 ms.
Mono: successfully reloaded assembly
- Completed reload, in  0.490 seconds
Domain Reload Profiling:
	ReloadAssembly (490ms)
		BeginReloadAssembly (41ms)
			ExecutionOrderSort (0ms)
			DisableScriptedObjects (0ms)
			BackupInstance (0ms)
			ReleaseScriptingObjects (0ms)
			CreateAndSetChildDomain (1ms)
		EndReloadAssembly (390ms)
			LoadAssemblies (39ms)
			RebuildTransferFunctionScriptingTraits (0ms)
			SetupTypeCache (129ms)
			ReleaseScriptCaches (0ms)
			RebuildScriptCaches (34ms)
			SetupLoadedEditorAssemblies (147ms)
				LogAssemblyErrors (0ms)
				InitializePlatformSupportModulesInManaged (4ms)
				SetLoadedEditorAssemblies (0ms)
				RefreshPlugins (37ms)
				BeforeProcessingInitializeOnLoad (7ms)
				ProcessInitializeOnLoadAttributes (74ms)
				ProcessInitializeOnLoadMethodAttributes (25ms)
				AfterProcessingInitializeOnLoad (0ms)
				EditorAssembliesLoaded (0ms)
			ExecutionOrderSort2 (0ms)
			AwakeInstancesAfterBackupRestoration (0ms)
Platform modules already initialized, skipping
Registering precompiled user dll's ...
Registered in 0.003877 seconds.
Begin MonoManager ReloadAssembly
Native extension for WindowsStandalone target not found
Refreshing native plugins compatible for Editor in 0.51 ms, found 2 plugins.
Preloading 0 native plugins for Editor in 0.00 ms.
Mono: successfully reloaded assembly
- Completed reload, in  0.862 seconds
Domain Reload Profiling:
	ReloadAssembly (863ms)
		BeginReloadAssembly (115ms)
			ExecutionOrderSort (0ms)
			DisableScriptedObjects (4ms)
			BackupInstance (0ms)
			ReleaseScriptingObjects (0ms)
			CreateAndSetChildDomain (15ms)
		EndReloadAssembly (697ms)
			LoadAssemblies (71ms)
			RebuildTransferFunctionScriptingTraits (0ms)
			SetupTypeCache (252ms)
			ReleaseScriptCaches (0ms)
			RebuildScriptCaches (39ms)
			SetupLoadedEditorAssemblies (254ms)
				LogAssemblyErrors (0ms)
				InitializePlatformSupportModulesInManaged (4ms)
				SetLoadedEditorAssemblies (0ms)
				RefreshPlugins (1ms)
				BeforeProcessingInitializeOnLoad (54ms)
				ProcessInitializeOnLoadAttributes (177ms)
				ProcessInitializeOnLoadMethodAttributes (15ms)
				AfterProcessingInitializeOnLoad (3ms)
				EditorAssembliesLoaded (0ms)
			ExecutionOrderSort2 (0ms)
			AwakeInstancesAfterBackupRestoration (5ms)
Platform modules already initialized, skipping
========================================================================
Worker process is ready to serve import requests
Launched and connected shader compiler UnityShaderCompiler.exe after 0.03 seconds
Refreshing native plugins compatible for Editor in 0.55 ms, found 2 plugins.
Preloading 0 native plugins for Editor in 0.00 ms.
Unloading 1946 Unused Serialized files (Serialized files now loaded: 0)
System memory in use before: 81.3 MB.
System memory in use after: 81.4 MB.

Unloading 54 unused Assets to reduce memory usage. Loaded Objects now: 2352.
Total: 2.466500 ms (FindLiveObjects: 0.135300 ms CreateObjectMapping: 0.063000 ms MarkObjects: 2.211400 ms  DeleteObjects: 0.056000 ms)

AssetImportParameters requested are different than current active one (requested -> active):
  custom:framework-win-MediaFoundation: 216162199b28c13a410421893ffa2e32 -> 
  custom:video-decoder-ogg-theora: a1e56fd34408186e4bbccfd4996cb3dc -> 
  custom:container-muxer-webm: aa71ff27fc2769a1b78a27578f13a17b -> 
  custom:container-demuxer-webm: 4f35f7cbe854078d1ac9338744f61a02 -> 
  custom:container-demuxer-ogg: 62fdf1f143b41e24485cea50d1cbac27 -> 
  custom:video-encoder-webm-vp8: eb34c28f22e8b96e1ab97ce403110664 -> 
  custom:video-decoder-webm-vp8: 9c59270c3fd7afecdb556c50c9e8de78 -> 
  custom:audio-decoder-ogg-vorbis: bf7c407c2cedff20999df2af8eb42d56 -> 
  custom:audio-encoder-webm-vorbis: bf7c407c2cedff20999df2af8eb42d56 -> 
========================================================================
Received Import Request.
  path: Assets/Scenes
  artifactKey: Guid(21ec1392d1598305382c753f1386b0e1) Importer(815301076,1909f56bfc062723c751e8b465ee728b)
Start importing Assets/Scenes using Guid(21ec1392d1598305382c753f1386b0e1) Importer(815301076,1909f56bfc062723c751e8b465ee728b)  -> (artifact id: '76bbec8b0d787c6457db939cef49c9e5') in 0.003182 seconds 
  Import took 0.005577 seconds .

========================================================================
Received Import Request.
  Time since last request: 0.000220 seconds.
  path: Assets/Scenes/Main.unity
  artifactKey: Guid(548efbe8196c7bb41a94d25d70cf82e6) Importer(815301076,1909f56bfc062723c751e8b465ee728b)
Start importing Assets/Scenes/Main.unity using Guid(548efbe8196c7bb41a94d25d70cf82e6) Importer(815301076,1909f56bfc062723c751e8b465ee728b)  -> (artifact id: 'a0b8123815e868e3df07b34d095c9143') in 0.009170 seconds 
  Import took 0.011407 seconds .

========================================================================
Received Prepare
Registering precompiled user dll's ...
Registered in 0.003784 seconds.
Begin MonoManager ReloadAssembly
Native extension for WindowsStandalone target not found
Refreshing native plugins compatible for Editor in 0.59 ms, found 2 plugins.
Preloading 0 native plugins for Editor in 0.00 ms.
Mono: successfully reloaded assembly
- Completed reload, in  0.822 seconds
Domain Reload Profiling:
	ReloadAssembly (822ms)
		BeginReloadAssembly (102ms)
			ExecutionOrderSort (0ms)
			DisableScriptedObjects (5ms)
			BackupInstance (0ms)
			ReleaseScriptingObjects (0ms)
			CreateAndSetChildDomain (29ms)
		EndReloadAssembly (670ms)
			LoadAssemblies (68ms)
			RebuildTransferFunctionScriptingTraits (0ms)
			SetupTypeCache (243ms)
			ReleaseScriptCaches (1ms)
			RebuildScriptCaches (33ms)
			SetupLoadedEditorAssemblies (236ms)
				LogAssemblyErrors (0ms)
				InitializePlatformSupportModulesInManaged (4ms)
				SetLoadedEditorAssemblies (0ms)
				RefreshPlugins (1ms)
				BeforeProcessingInitializeOnLoad (48ms)
				ProcessInitializeOnLoadAttributes (167ms)
				ProcessInitializeOnLoadMethodAttributes (14ms)
				AfterProcessingInitializeOnLoad (3ms)
				EditorAssembliesLoaded (0ms)
			ExecutionOrderSort2 (0ms)
			AwakeInstancesAfterBackupRestoration (6ms)
Platform modules already initialized, skipping
Refreshing native plugins compatible for Editor in 0.53 ms, found 2 plugins.
Preloading 0 native plugins for Editor in 0.00 ms.
Unloading 1940 Unused Serialized files (Serialized files now loaded: 0)
System memory in use before: 81.2 MB.
System memory in use after: 81.3 MB.

Unloading 45 unused Assets to reduce memory usage. Loaded Objects now: 2354.
Total: 2.332200 ms (FindLiveObjects: 0.119100 ms CreateObjectMapping: 0.051400 ms MarkObjects: 2.144500 ms  DeleteObjects: 0.016500 ms)

AssetImportParameters requested are different than current active one (requested -> active):
  custom:framework-win-MediaFoundation: 216162199b28c13a410421893ffa2e32 -> 
  custom:video-decoder-ogg-theora: a1e56fd34408186e4bbccfd4996cb3dc -> 
  custom:container-muxer-webm: aa71ff27fc2769a1b78a27578f13a17b -> 
  custom:container-demuxer-webm: 4f35f7cbe854078d1ac9338744f61a02 -> 
  custom:container-demuxer-ogg: 62fdf1f143b41e24485cea50d1cbac27 -> 
  custom:video-encoder-webm-vp8: eb34c28f22e8b96e1ab97ce403110664 -> 
  custom:video-decoder-webm-vp8: 9c59270c3fd7afecdb556c50c9e8de78 -> 
  custom:audio-decoder-ogg-vorbis: bf7c407c2cedff20999df2af8eb42d56 -> 
  custom:audio-encoder-webm-vorbis: bf7c407c2cedff20999df2af8eb42d56 -> 
========================================================================
Received Import Request.
  Time since last request: 408.649504 seconds.
  path: Assets/NewAudioMixer.mixer
  artifactKey: Guid(b121f462be6af504ba119caec7abc621) Importer(815301076,1909f56bfc062723c751e8b465ee728b)
Start importing Assets/NewAudioMixer.mixer using Guid(b121f462be6af504ba119caec7abc621) Importer(815301076,1909f56bfc062723c751e8b465ee728b)  -> (artifact id: '2372e01832b7d1a621e74dbfde59ca19') in 0.028696 seconds 
  Import took 0.032019 seconds .

========================================================================
Received Import Request.
  Time since last request: 265.861050 seconds.
  path: Assets/NewAudioMixer.mixer
  artifactKey: Guid(b121f462be6af504ba119caec7abc621) Importer(815301076,1909f56bfc062723c751e8b465ee728b)
Start importing Assets/NewAudioMixer.mixer using Guid(b121f462be6af504ba119caec7abc621) Importer(815301076,1909f56bfc062723c751e8b465ee728b)  -> (artifact id: 'bf6ccc5479c38b08c81f392e2741909c') in 0.001719 seconds 
  Import took 0.005063 seconds .

========================================================================
Received Import Request.
  Time since last request: 22.440801 seconds.
  path: Assets/NewAudioMixer 1.mixer
  artifactKey: Guid(38600bb816cafd94792abc98e7f8dfbd) Importer(815301076,1909f56bfc062723c751e8b465ee728b)
Start importing Assets/NewAudioMixer 1.mixer using Guid(38600bb816cafd94792abc98e7f8dfbd) Importer(815301076,1909f56bfc062723c751e8b465ee728b)  -> (artifact id: 'db32264b4aa3b05475a03a018369d198') in 0.001640 seconds 
  Import took 0.004134 seconds .

========================================================================
Received Import Request.
  Time since last request: 22.155233 seconds.
  path: Assets/NewAudioMixer.mixer
  artifactKey: Guid(b121f462be6af504ba119caec7abc621) Importer(815301076,1909f56bfc062723c751e8b465ee728b)
Start importing Assets/NewAudioMixer.mixer using Guid(b121f462be6af504ba119caec7abc621) Importer(815301076,1909f56bfc062723c751e8b465ee728b)  -> (artifact id: '2c532af89a0044c29f80d32aa72cd47d') in 0.003926 seconds 
  Import took 0.007922 seconds .

========================================================================
Received Import Request.
  Time since last request: 15.849630 seconds.
  path: Assets/Sonidos de personaje (el zorro).mixer
  artifactKey: Guid(420e62ca26f3f4642a06ce40da96e9ba) Importer(815301076,1909f56bfc062723c751e8b465ee728b)
Start importing Assets/Sonidos de personaje (el zorro).mixer using Guid(420e62ca26f3f4642a06ce40da96e9ba) Importer(815301076,1909f56bfc062723c751e8b465ee728b)  -> (artifact id: '61fe4cbd1d890312789629a34a442124') in 0.001608 seconds 
  Import took 0.004255 seconds .

========================================================================
Received Import Request.
  Time since last request: 5.856353 seconds.
  path: Assets/NewAudioMixer.mixer
  artifactKey: Guid(b121f462be6af504ba119caec7abc621) Importer(815301076,1909f56bfc062723c751e8b465ee728b)
Start importing Assets/NewAudioMixer.mixer using Guid(b121f462be6af504ba119caec7abc621) Importer(815301076,1909f56bfc062723c751e8b465ee728b)  -> (artifact id: 'c2206c89021ee3b79be85a5b7d03bc47') in 0.001821 seconds 
  Import took 0.004299 seconds .

========================================================================
Received Import Request.
  Time since last request: 30.914226 seconds.
  path: Assets/NewAudioMixer.mixer
  artifactKey: Guid(b121f462be6af504ba119caec7abc621) Importer(815301076,1909f56bfc062723c751e8b465ee728b)
Start importing Assets/NewAudioMixer.mixer using Guid(b121f462be6af504ba119caec7abc621) Importer(815301076,1909f56bfc062723c751e8b465ee728b)  -> (artifact id: '26747d4b9be01dc8301b5c9300cd50c8') in 0.001704 seconds 
  Import took 0.005832 seconds .

========================================================================
Received Import Request.
  Time since last request: 9.427626 seconds.
  path: Assets/Sonidos de objetos (Caja y cereza) .mixer
  artifactKey: Guid(74b6bbd612955ff4c97f6a768453b2cc) Importer(815301076,1909f56bfc062723c751e8b465ee728b)
Start importing Assets/Sonidos de objetos (Caja y cereza) .mixer using Guid(74b6bbd612955ff4c97f6a768453b2cc) Importer(815301076,1909f56bfc062723c751e8b465ee728b)  -> (artifact id: '0f2a7322b2733715f8818687366e52da') in 0.001524 seconds 
  Import took 0.003985 seconds .

========================================================================
Received Import Request.
  Time since last request: 23.718993 seconds.
  path: Assets/NewAudioMixer.mixer
  artifactKey: Guid(b121f462be6af504ba119caec7abc621) Importer(815301076,1909f56bfc062723c751e8b465ee728b)
Start importing Assets/NewAudioMixer.mixer using Guid(b121f462be6af504ba119caec7abc621) Importer(815301076,1909f56bfc062723c751e8b465ee728b)  -> (artifact id: '9bd7d8439f80c3a403dec797fecfce06') in 0.001669 seconds 
  Import took 0.004513 seconds .

========================================================================
Received Import Request.
  Time since last request: 9.555393 seconds.
  path: Assets/Sonido de fondo .mixer
  artifactKey: Guid(9b20c54303d1fa14e83441875404267d) Importer(815301076,1909f56bfc062723c751e8b465ee728b)
Start importing Assets/Sonido de fondo .mixer using Guid(9b20c54303d1fa14e83441875404267d) Importer(815301076,1909f56bfc062723c751e8b465ee728b)  -> (artifact id: '4ee0234a8efe0787e30baf7705ac7ea1') in 0.001516 seconds 
  Import took 0.004048 seconds .

========================================================================
Received Import Request.
  Time since last request: 124.260221 seconds.
  path: Assets/Scripts
  artifactKey: Guid(696a5e4b2688af16a87b27ee05615c44) Importer(815301076,1909f56bfc062723c751e8b465ee728b)
Start importing Assets/Scripts using Guid(696a5e4b2688af16a87b27ee05615c44) Importer(815301076,1909f56bfc062723c751e8b465ee728b)  -> (artifact id: 'fcdc1cff7d98bc6db9fa0e9ca0d76422') in 0.001262 seconds 
  Import took 0.004014 seconds .

========================================================================
Received Import Request.
  Time since last request: 1.536780 seconds.
  path: Assets/Scripts/PlayerAudioController.cs
  artifactKey: Guid(ff38c26450a52ed05a8b19784be5ec09) Importer(815301076,1909f56bfc062723c751e8b465ee728b)
Start importing Assets/Scripts/PlayerAudioController.cs using Guid(ff38c26450a52ed05a8b19784be5ec09) Importer(815301076,1909f56bfc062723c751e8b465ee728b)  -> (artifact id: '01ce6aa5bed99edfbe7912d2e500d8be') in 0.008090 seconds 
  Import took 0.010794 seconds .

